<?xml version="1.0" encoding="UTF-8"?>
<!-- Generated by org.testng.reporters.JUnitReportReporter -->
<testsuite skipped="0" hostname="ojt15-PC" name="DriverFactory.AppTest" tests="1" failures="0" timestamp="08 Nov 2019 12:12:49 GMT" time="70.973" errors="0">
  <testcase name="kickStart" time="70.973" classname="DriverFactory.AppTest"/>
</testsuite> <!-- DriverFactory.AppTest -->
